[     102ms] [ERROR] Failed to load resource: the server responded with a status of 500 (Internal Server Error) @ http://localhost:3000/concerts/d0f059d6-b9d6-4ee5-ae8f-1a431229140a:0
[     155ms] [INFO] %cDownload the React DevTools for a better development experience: https://react.dev/link/react-devtools font-weight:bold @ http://localhost:3000/_next/static/chunks/node_modules_react-dom_0kla17-._.js:15305
[     186ms] Error: ./src/app/globals.css
Error evaluating Node.js code
CssSyntaxError: tailwindcss: C:\Users\larry\Desktop\TFG\Proyecto\opengig\src\app\globals.css:1:1: Can't resolve 'tw-animate-css' in 'C:\Users\larry\Desktop\TFG\Proyecto\opengig\src\app'
    [at Input.error (turbopack:///[project]/node_modules/postcss/lib/input.js:135:16)]
    [at Root.error (turbopack:///[project]/node_modules/postcss/lib/node.js:146:32)]
    [at Object.Once (C:\Users\larry\Desktop\TFG\Proyecto\opengig\node_modules\@tailwindcss\postcss\dist\index.js:10:6918)]
    [at process.processTicksAndRejections (node:internal/process/task_queues:104:5)]
    [at async LazyResult.runAsync (turbopack:///[project]/node_modules/postcss/lib/lazy-result.js:293:11)]
    [at async transform (turbopack:///[turbopack-node]/transforms/postcss.ts:70:34)]
    [at async run (turbopack:///[turbopack-node]/child_process/evaluate.ts:89:23)]

Import trace:
  Client Component Browser:
    ./src/app/globals.css [Client Component Browser]
    ./src/app/layout.tsx [Server Component]


    at Object.getCompilationErrors (file://C:\Users\larry\Desktop\TFG\Proyecto\opengig\node_modules\next\dist\server\dev\hot-reloader-turbopack.js:1186:59)
    at DevBundlerService.getCompilationError (file://C:\Users\larry\Desktop\TFG\Proyecto\opengig\node_modules\next\dist\server\lib\dev-bundler-service.js:44:55)
    at DevServer.getCompilationError (file://C:\Users\larry\Desktop\TFG\Proyecto\opengig\node_modules\next\dist\server\dev\next-dev-server.js:720:42)
    at DevServer.findPageComponents (file://C:\Users\larry\Desktop\TFG\Proyecto\opengig\node_modules\next\dist\server\dev\next-dev-server.js:690:43)
    at async DevServer.renderErrorToResponseImpl (file://C:\Users\larry\Desktop\TFG\Proyecto\opengig\node_modules\next\dist\server\base-server.js:1753:26)
[     183ms] [LOG] [HMR] connected @ http://localhost:3000/_next/static/chunks/node_modules_next_dist_1gdrd03._.js:1226
[     188ms] [ERROR] ./src/app/globals.css
Error evaluating Node.js code
CssSyntaxError: tailwindcss: C:\Users\larry\Desktop\TFG\Proyecto\opengig\src\app\globals.css:1:1: Can't resolve 'tw-animate-css' in 'C:\Users\larry\Desktop\TFG\Proyecto\opengig\src\app'
    [at Input.error (turbopack:///[project]/node_modules/postcss/lib/input.js:135:16)]
    [at Root.error (turbopack:///[project]/node_modules/postcss/lib/node.js:146:32)]
    [at Object.Once (C:\Users\larry\Desktop\TFG\Proyecto\opengig\node_modules\@tailwindcss\postcss\dist\index.js:10:6918)]
    [at process.processTicksAndRejections (node:internal/process/task_queues:104:5)]
    [at async LazyResult.runAsync (turbopack:///[project]/node_modules/postcss/lib/lazy-result.js:293:11)]
    [at async transform (turbopack:///[turbopack-node]/transforms/postcss.ts:70:34)]
    [at async run (turbopack:///[turbopack-node]/child_process/evaluate.ts:89:23)]

Import trace:
  Client Component Browser:
    ./src/app/globals.css [Client Component Browser]
    ./src/app/layout.tsx [Server Component] @ http://localhost:3000/_next/static/chunks/node_modules_next_dist_1gdrd03._.js:1945
[     257ms] [ERROR] ./src/app/globals.css
Error evaluating Node.js code
CssSyntaxError: tailwindcss: C:\Users\larry\Desktop\TFG\Proyecto\opengig\src\app\globals.css:1:1: Can't resolve 'tw-animate-css' in 'C:\Users\larry\Desktop\TFG\Proyecto\opengig\src\app'
    [at Input.error (turbopack:///[project]/node_modules/postcss/lib/input.js:135:16)]
    [at Root.error (turbopack:///[project]/node_modules/postcss/lib/node.js:146:32)]
    [at Object.Once (C:\Users\larry\Desktop\TFG\Proyecto\opengig\node_modules\@tailwindcss\postcss\dist\index.js:10:6918)]
    [at process.processTicksAndRejections (node:internal/process/task_queues:104:5)]
    [at async LazyResult.runAsync (turbopack:///[project]/node_modules/postcss/lib/lazy-result.js:293:11)]
    [at async transform (turbopack:///[turbopack-node]/transforms/postcss.ts:70:34)]
    [at async run (turbopack:///[turbopack-node]/child_process/evaluate.ts:89:23)]

Import trace:
  Client Component Browser:
    ./src/app/globals.css [Client Component Browser]
    ./src/app/layout.tsx [Server Component] @ http://localhost:3000/_next/static/chunks/node_modules_next_dist_1gdrd03._.js:1945
[     333ms] [ERROR] ./src/app/globals.css
Error evaluating Node.js code
CssSyntaxError: tailwindcss: C:\Users\larry\Desktop\TFG\Proyecto\opengig\src\app\globals.css:1:1: Can't resolve 'tw-animate-css' in 'C:\Users\larry\Desktop\TFG\Proyecto\opengig\src\app'
    [at Input.error (turbopack:///[project]/node_modules/postcss/lib/input.js:135:16)]
    [at Root.error (turbopack:///[project]/node_modules/postcss/lib/node.js:146:32)]
    [at Object.Once (C:\Users\larry\Desktop\TFG\Proyecto\opengig\node_modules\@tailwindcss\postcss\dist\index.js:10:6918)]
    [at process.processTicksAndRejections (node:internal/process/task_queues:104:5)]
    [at async LazyResult.runAsync (turbopack:///[project]/node_modules/postcss/lib/lazy-result.js:293:11)]
    [at async transform (turbopack:///[turbopack-node]/transforms/postcss.ts:70:34)]
    [at async run (turbopack:///[turbopack-node]/child_process/evaluate.ts:89:23)]

Import trace:
  Client Component Browser:
    ./src/app/globals.css [Client Component Browser]
    ./src/app/layout.tsx [Server Component] @ http://localhost:3000/_next/static/chunks/node_modules_next_dist_1gdrd03._.js:1945
[     391ms] [LOG] [Fast Refresh] rebuilding @ http://localhost:3000/_next/static/chunks/node_modules_next_dist_1gdrd03._.js:1226
[   72196ms] [LOG] [Fast Refresh] rebuilding @ http://localhost:3000/_next/static/chunks/node_modules_next_dist_1gdrd03._.js:1226
[   72707ms] [ERROR] ./node_modules/@supabase/ssr/dist/module/cookies.js:1:1
Module not found: Can't resolve 'cookie'
> 1 | import { parse, serialize } from "cookie";
    | ^^^^^^^^^^^^^^^^^^^^^^^^^^^^^^^^^^^^^^^^^^
  2 | import { DEFAULT_COOKIE_OPTIONS, combineChunks, createChunks, isBrowser, isChunkLike, strin...
  3 | const BASE64_PREFIX = "base64-";
  4 | /**

Import trace:
  Middleware:
    ./node_modules/@supabase/ssr/dist/module/cookies.js
    ./node_modules/@supabase/ssr/dist/module/createServerClient.js
    ./src/lib/supabase/middleware.ts
    ./src/proxy.ts

https://nextjs.org/docs/messages/module-not-found @ http://localhost:3000/_next/static/chunks/node_modules_next_dist_1gdrd03._.js:1945
[   72707ms] [ERROR] ./node_modules/@supabase/ssr/dist/module/utils/helpers.js:1:1
Module not found: Can't resolve 'cookie'
> 1 | import * as cookie from "cookie";
    | ^^^^^^^^^^^^^^^^^^^^^^^^^^^^^^^^^
  2 | /**
  3 |  * @deprecated Since v0.4.0: Please use {@link parseCookieHeader}. `parse` will
  4 |  * not be available for import starting v1.0.0 of `@supabase/ssr`.

Import trace:
  Middleware:
    ./node_modules/@supabase/ssr/dist/module/utils/helpers.js
    ./node_modules/@supabase/ssr/dist/module/createServerClient.js
    ./src/lib/supabase/middleware.ts
    ./src/proxy.ts

https://nextjs.org/docs/messages/module-not-found @ http://localhost:3000/_next/static/chunks/node_modules_next_dist_1gdrd03._.js:1945
[   72708ms] [ERROR] ./src/app/globals.css
Error evaluating Node.js code
CssSyntaxError: tailwindcss: C:\Users\larry\Desktop\TFG\Proyecto\opengig\src\app\globals.css:1:1: Can't resolve 'tw-animate-css' in 'C:\Users\larry\Desktop\TFG\Proyecto\opengig\src\app'
    [at Input.error (turbopack:///[project]/node_modules/postcss/lib/input.js:135:16)]
    [at Root.error (turbopack:///[project]/node_modules/postcss/lib/node.js:146:32)]
    [at Object.Once (C:\Users\larry\Desktop\TFG\Proyecto\opengig\node_modules\@tailwindcss\postcss\dist\index.js:10:6918)]
    [at process.processTicksAndRejections (node:internal/process/task_queues:104:5)]
    [at async LazyResult.runAsync (turbopack:///[project]/node_modules/postcss/lib/lazy-result.js:293:11)]
    [at async transform (turbopack:///[turbopack-node]/transforms/postcss.ts:70:34)]
    [at async run (turbopack:///[turbopack-node]/child_process/evaluate.ts:89:23)]

Import trace:
  Client Component Browser:
    ./src/app/globals.css [Client Component Browser]
    ./src/app/layout.tsx [Server Component] @ http://localhost:3000/_next/static/chunks/node_modules_next_dist_1gdrd03._.js:1945
[   72939ms] [ERROR] ./node_modules/@supabase/ssr/dist/module/cookies.js:1:1
Module not found: Can't resolve 'cookie'
> 1 | import { parse, serialize } from "cookie";
    | ^^^^^^^^^^^^^^^^^^^^^^^^^^^^^^^^^^^^^^^^^^
  2 | import { DEFAULT_COOKIE_OPTIONS, combineChunks, createChunks, isBrowser, isChunkLike, strin...
  3 | const BASE64_PREFIX = "base64-";
  4 | /**

Import trace:
  Middleware:
    ./node_modules/@supabase/ssr/dist/module/cookies.js
    ./node_modules/@supabase/ssr/dist/module/createServerClient.js
    ./src/lib/supabase/middleware.ts
    ./src/proxy.ts

https://nextjs.org/docs/messages/module-not-found @ http://localhost:3000/_next/static/chunks/node_modules_next_dist_1gdrd03._.js:1945
[   72939ms] [ERROR] ./node_modules/@supabase/ssr/dist/module/utils/helpers.js:1:1
Module not found: Can't resolve 'cookie'
> 1 | import * as cookie from "cookie";
    | ^^^^^^^^^^^^^^^^^^^^^^^^^^^^^^^^^
  2 | /**
  3 |  * @deprecated Since v0.4.0: Please use {@link parseCookieHeader}. `parse` will
  4 |  * not be available for import starting v1.0.0 of `@supabase/ssr`.

Import trace:
  Middleware:
    ./node_modules/@supabase/ssr/dist/module/utils/helpers.js
    ./node_modules/@supabase/ssr/dist/module/createServerClient.js
    ./src/lib/supabase/middleware.ts
    ./src/proxy.ts

https://nextjs.org/docs/messages/module-not-found @ http://localhost:3000/_next/static/chunks/node_modules_next_dist_1gdrd03._.js:1945
[   72939ms] [ERROR] ./src/app/globals.css
Error evaluating Node.js code
CssSyntaxError: tailwindcss: C:\Users\larry\Desktop\TFG\Proyecto\opengig\src\app\globals.css:1:1: Can't resolve 'tw-animate-css' in 'C:\Users\larry\Desktop\TFG\Proyecto\opengig\src\app'
    [at Input.error (turbopack:///[project]/node_modules/postcss/lib/input.js:135:16)]
    [at Root.error (turbopack:///[project]/node_modules/postcss/lib/node.js:146:32)]
    [at Object.Once (C:\Users\larry\Desktop\TFG\Proyecto\opengig\node_modules\@tailwindcss\postcss\dist\index.js:10:6918)]
    [at process.processTicksAndRejections (node:internal/process/task_queues:104:5)]
    [at async LazyResult.runAsync (turbopack:///[project]/node_modules/postcss/lib/lazy-result.js:293:11)]
    [at async transform (turbopack:///[turbopack-node]/transforms/postcss.ts:70:34)]
    [at async run (turbopack:///[turbopack-node]/child_process/evaluate.ts:89:23)]

Import trace:
  Client Component Browser:
    ./src/app/globals.css [Client Component Browser]
    ./src/app/layout.tsx [Server Component] @ http://localhost:3000/_next/static/chunks/node_modules_next_dist_1gdrd03._.js:1945
[   73052ms] [LOG] [Fast Refresh] rebuilding @ http://localhost:3000/_next/static/chunks/node_modules_next_dist_1gdrd03._.js:1226
[   73064ms] [ERROR] ./node_modules/@supabase/ssr/dist/module/cookies.js:1:1
Module not found: Can't resolve 'cookie'
> 1 | import { parse, serialize } from "cookie";
    | ^^^^^^^^^^^^^^^^^^^^^^^^^^^^^^^^^^^^^^^^^^
  2 | import { DEFAULT_COOKIE_OPTIONS, combineChunks, createChunks, isBrowser, isChunkLike, strin...
  3 | const BASE64_PREFIX = "base64-";
  4 | /**

Import trace:
  Middleware:
    ./node_modules/@supabase/ssr/dist/module/cookies.js
    ./node_modules/@supabase/ssr/dist/module/createServerClient.js
    ./src/lib/supabase/middleware.ts
    ./src/proxy.ts

https://nextjs.org/docs/messages/module-not-found @ http://localhost:3000/_next/static/chunks/node_modules_next_dist_1gdrd03._.js:1945
[   73064ms] [ERROR] ./node_modules/@supabase/ssr/dist/module/utils/helpers.js:1:1
Module not found: Can't resolve 'cookie'
> 1 | import * as cookie from "cookie";
    | ^^^^^^^^^^^^^^^^^^^^^^^^^^^^^^^^^
  2 | /**
  3 |  * @deprecated Since v0.4.0: Please use {@link parseCookieHeader}. `parse` will
  4 |  * not be available for import starting v1.0.0 of `@supabase/ssr`.

Import trace:
  Middleware:
    ./node_modules/@supabase/ssr/dist/module/utils/helpers.js
    ./node_modules/@supabase/ssr/dist/module/createServerClient.js
    ./src/lib/supabase/middleware.ts
    ./src/proxy.ts

https://nextjs.org/docs/messages/module-not-found @ http://localhost:3000/_next/static/chunks/node_modules_next_dist_1gdrd03._.js:1945
[   73064ms] [ERROR] ./src/app/globals.css
Error evaluating Node.js code
CssSyntaxError: tailwindcss: C:\Users\larry\Desktop\TFG\Proyecto\opengig\src\app\globals.css:1:1: Can't resolve 'tw-animate-css' in 'C:\Users\larry\Desktop\TFG\Proyecto\opengig\src\app'
    [at Input.error (turbopack:///[project]/node_modules/postcss/lib/input.js:135:16)]
    [at Root.error (turbopack:///[project]/node_modules/postcss/lib/node.js:146:32)]
    [at Object.Once (C:\Users\larry\Desktop\TFG\Proyecto\opengig\node_modules\@tailwindcss\postcss\dist\index.js:10:6918)]
    [at process.processTicksAndRejections (node:internal/process/task_queues:104:5)]
    [at async LazyResult.runAsync (turbopack:///[project]/node_modules/postcss/lib/lazy-result.js:293:11)]
    [at async transform (turbopack:///[turbopack-node]/transforms/postcss.ts:70:34)]
    [at async run (turbopack:///[turbopack-node]/child_process/evaluate.ts:89:23)]

Import trace:
  Client Component Browser:
    ./src/app/globals.css [Client Component Browser]
    ./src/app/layout.tsx [Server Component] @ http://localhost:3000/_next/static/chunks/node_modules_next_dist_1gdrd03._.js:1945
[   73078ms] [ERROR] Failed to load resource: the server responded with a status of 500 (Internal Server Error) @ http://localhost:3000/concerts/d0f059d6-b9d6-4ee5-ae8f-1a431229140a:0
[   73192ms] [INFO] %cDownload the React DevTools for a better development experience: https://react.dev/link/react-devtools font-weight:bold @ http://localhost:3000/_next/static/chunks/node_modules_react-dom_0kla17-._.js:15305
[   73238ms] Error: ./node_modules/@supabase/ssr/dist/module/cookies.js:1:1
Module not found: Can't resolve 'cookie'
> 1 | import { parse, serialize } from "cookie";
    | ^^^^^^^^^^^^^^^^^^^^^^^^^^^^^^^^^^^^^^^^^^
  2 | import { DEFAULT_COOKIE_OPTIONS, combineChunks, createChunks, isBrowser, isChunkLike, strin...
  3 | const BASE64_PREFIX = "base64-";
  4 | /**



Import trace:
  Middleware:
    ./node_modules/@supabase/ssr/dist/module/cookies.js
    ./node_modules/@supabase/ssr/dist/module/createServerClient.js
    ./src/lib/supabase/middleware.ts
    ./src/proxy.ts

https://nextjs.org/docs/messages/module-not-found


    at Error: ./node_modules/ (supabase/ssr/dist/module/cookies.js:1:1)
    at <unknown> (https://nextjs.org/docs/messages/module-not-found)
    at Object.getCompilationErrors (file://C:\Users\larry\Desktop\TFG\Proyecto\opengig\node_modules\next\dist\server\dev\hot-reloader-turbopack.js:1186:59)
    at DevBundlerService.getCompilationError (file://C:\Users\larry\Desktop\TFG\Proyecto\opengig\node_modules\next\dist\server\lib\dev-bundler-service.js:44:55)
    at DevServer.getCompilationError (file://C:\Users\larry\Desktop\TFG\Proyecto\opengig\node_modules\next\dist\server\dev\next-dev-server.js:720:42)
    at DevServer.findPageComponents (file://C:\Users\larry\Desktop\TFG\Proyecto\opengig\node_modules\next\dist\server\dev\next-dev-server.js:690:43)
    at async DevServer.renderErrorToResponseImpl (file://C:\Users\larry\Desktop\TFG\Proyecto\opengig\node_modules\next\dist\server\base-server.js:1753:26)
[   73251ms] [LOG] [HMR] connected @ http://localhost:3000/_next/static/chunks/node_modules_next_dist_1gdrd03._.js:1226
[   73334ms] [ERROR] ./node_modules/@supabase/ssr/dist/module/cookies.js:1:1
Module not found: Can't resolve 'cookie'
> 1 | import { parse, serialize } from "cookie";
    | ^^^^^^^^^^^^^^^^^^^^^^^^^^^^^^^^^^^^^^^^^^
  2 | import { DEFAULT_COOKIE_OPTIONS, combineChunks, createChunks, isBrowser, isChunkLike, strin...
  3 | const BASE64_PREFIX = "base64-";
  4 | /**

Import trace:
  Middleware:
    ./node_modules/@supabase/ssr/dist/module/cookies.js
    ./node_modules/@supabase/ssr/dist/module/createServerClient.js
    ./src/lib/supabase/middleware.ts
    ./src/proxy.ts

https://nextjs.org/docs/messages/module-not-found @ http://localhost:3000/_next/static/chunks/node_modules_next_dist_1gdrd03._.js:1945
[   73334ms] [ERROR] ./node_modules/@supabase/ssr/dist/module/utils/helpers.js:1:1
Module not found: Can't resolve 'cookie'
> 1 | import * as cookie from "cookie";
    | ^^^^^^^^^^^^^^^^^^^^^^^^^^^^^^^^^
  2 | /**
  3 |  * @deprecated Since v0.4.0: Please use {@link parseCookieHeader}. `parse` will
  4 |  * not be available for import starting v1.0.0 of `@supabase/ssr`.

Import trace:
  Middleware:
    ./node_modules/@supabase/ssr/dist/module/utils/helpers.js
    ./node_modules/@supabase/ssr/dist/module/createServerClient.js
    ./src/lib/supabase/middleware.ts
    ./src/proxy.ts

https://nextjs.org/docs/messages/module-not-found @ http://localhost:3000/_next/static/chunks/node_modules_next_dist_1gdrd03._.js:1945
[   73334ms] [ERROR] ./src/app/globals.css
Error evaluating Node.js code
CssSyntaxError: tailwindcss: C:\Users\larry\Desktop\TFG\Proyecto\opengig\src\app\globals.css:1:1: Can't resolve 'tw-animate-css' in 'C:\Users\larry\Desktop\TFG\Proyecto\opengig\src\app'
    [at Input.error (turbopack:///[project]/node_modules/postcss/lib/input.js:135:16)]
    [at Root.error (turbopack:///[project]/node_modules/postcss/lib/node.js:146:32)]
    [at Object.Once (C:\Users\larry\Desktop\TFG\Proyecto\opengig\node_modules\@tailwindcss\postcss\dist\index.js:10:6918)]
    [at process.processTicksAndRejections (node:internal/process/task_queues:104:5)]
    [at async LazyResult.runAsync (turbopack:///[project]/node_modules/postcss/lib/lazy-result.js:293:11)]
    [at async transform (turbopack:///[turbopack-node]/transforms/postcss.ts:70:34)]
    [at async run (turbopack:///[turbopack-node]/child_process/evaluate.ts:89:23)]

Import trace:
  Client Component Browser:
    ./src/app/globals.css [Client Component Browser]
    ./src/app/layout.tsx [Server Component] @ http://localhost:3000/_next/static/chunks/node_modules_next_dist_1gdrd03._.js:1945
[   73335ms] [ERROR] ./node_modules/@supabase/ssr/dist/module/cookies.js:1:1
Module not found: Can't resolve 'cookie'
> 1 | import { parse, serialize } from "cookie";
    | ^^^^^^^^^^^^^^^^^^^^^^^^^^^^^^^^^^^^^^^^^^
  2 | import { DEFAULT_COOKIE_OPTIONS, combineChunks, createChunks, isBrowser, isChunkLike, strin...
  3 | const BASE64_PREFIX = "base64-";
  4 | /**

Import traces:
  Server Component:
    ./node_modules/@supabase/ssr/dist/module/cookies.js
    ./node_modules/@supabase/ssr/dist/module/createServerClient.js
    ./src/lib/supabase/server.ts
    ./src/app/(public)/layout.tsx

  Client Component Browser:
    ./node_modules/@supabase/ssr/dist/module/cookies.js [Client Component Browser]
    ./node_modules/@supabase/ssr/dist/module/createBrowserClient.js [Client Component Browser]
    ./src/lib/supabase/client.ts [Client Component Browser]
    ./src/components/layout/UserMenu.tsx [Client Component Browser]
    ./src/components/layout/UserMenu.tsx [Server Component]
    ./src/components/layout/Header.tsx [Server Component]
    ./src/app/(public)/layout.tsx [Server Component]

  Client Component SSR:
    ./node_modules/@supabase/ssr/dist/module/cookies.js [Client Component SSR]
    ./node_modules/@supabase/ssr/dist/module/createBrowserClient.js [Client Component SSR]
    ./src/lib/supabase/client.ts [Client Component SSR]
    ./src/components/layout/UserMenu.tsx [Client Component SSR]
    ./src/components/layout/UserMenu.tsx [Server Component]
    ./src/components/layout/Header.tsx [Server Component]
    ./src/app/(public)/layout.tsx [Server Component]

https://nextjs.org/docs/messages/module-not-found @ http://localhost:3000/_next/static/chunks/node_modules_next_dist_1gdrd03._.js:1945
[   73335ms] [ERROR] ./node_modules/@supabase/ssr/dist/module/utils/helpers.js:1:1
Module not found: Can't resolve 'cookie'
> 1 | import * as cookie from "cookie";
    | ^^^^^^^^^^^^^^^^^^^^^^^^^^^^^^^^^
  2 | /**
  3 |  * @deprecated Since v0.4.0: Please use {@link parseCookieHeader}. `parse` will
  4 |  * not be available for import starting v1.0.0 of `@supabase/ssr`.

Import traces:
  Server Component:
    ./node_modules/@supabase/ssr/dist/module/utils/helpers.js
    ./node_modules/@supabase/ssr/dist/module/createServerClient.js
    ./src/lib/supabase/server.ts
    ./src/app/(public)/layout.tsx

  Client Component Browser:
    ./node_modules/@supabase/ssr/dist/module/utils/helpers.js [Client Component Browser]
    ./node_modules/@supabase/ssr/dist/module/createBrowserClient.js [Client Component Browser]
    ./src/lib/supabase/client.ts [Client Component Browser]
    ./src/components/layout/UserMenu.tsx [Client Component Browser]
    ./src/components/layout/UserMenu.tsx [Server Component]
    ./src/components/layout/Header.tsx [Server Component]
    ./src/app/(public)/layout.tsx [Server Component]

  Client Component SSR:
    ./node_modules/@supabase/ssr/dist/module/utils/helpers.js [Client Component SSR]
    ./node_modules/@supabase/ssr/dist/module/createBrowserClient.js [Client Component SSR]
    ./src/lib/supabase/client.ts [Client Component SSR]
    ./src/components/layout/UserMenu.tsx [Client Component SSR]
    ./src/components/layout/UserMenu.tsx [Server Component]
    ./src/components/layout/Header.tsx [Server Component]
    ./src/app/(public)/layout.tsx [Server Component]

https://nextjs.org/docs/messages/module-not-found @ http://localhost:3000/_next/static/chunks/node_modules_next_dist_1gdrd03._.js:1945
[   74966ms] [ERROR] Failed to load resource: the server responded with a status of 500 (Internal Server Error) @ http://localhost:3000/concerts/d0f059d6-b9d6-4ee5-ae8f-1a431229140a:0
[   75045ms] [INFO] %cDownload the React DevTools for a better development experience: https://react.dev/link/react-devtools font-weight:bold @ http://localhost:3000/_next/static/chunks/node_modules_react-dom_0kla17-._.js:15305
[   75063ms] Error: ./src/app/globals.css
Error evaluating Node.js code
CssSyntaxError: tailwindcss: C:\Users\larry\Desktop\TFG\Proyecto\opengig\src\app\globals.css:1:1: Can't resolve 'tw-animate-css' in 'C:\Users\larry\Desktop\TFG\Proyecto\opengig\src\app'
    [at Input.error (turbopack:///[project]/node_modules/postcss/lib/input.js:135:16)]
    [at Root.error (turbopack:///[project]/node_modules/postcss/lib/node.js:146:32)]
    [at Object.Once (C:\Users\larry\Desktop\TFG\Proyecto\opengig\node_modules\@tailwindcss\postcss\dist\index.js:10:6918)]
    [at process.processTicksAndRejections (node:internal/process/task_queues:104:5)]
    [at async LazyResult.runAsync (turbopack:///[project]/node_modules/postcss/lib/lazy-result.js:293:11)]
    [at async transform (turbopack:///[turbopack-node]/transforms/postcss.ts:70:34)]
    [at async run (turbopack:///[turbopack-node]/child_process/evaluate.ts:89:23)]

Import trace:
  Client Component Browser:
    ./src/app/globals.css [Client Component Browser]
    ./src/app/layout.tsx [Server Component]


    at Object.getCompilationErrors (file://C:\Users\larry\Desktop\TFG\Proyecto\opengig\node_modules\next\dist\server\dev\hot-reloader-turbopack.js:1186:59)
    at DevBundlerService.getCompilationError (file://C:\Users\larry\Desktop\TFG\Proyecto\opengig\node_modules\next\dist\server\lib\dev-bundler-service.js:44:55)
    at DevServer.getCompilationError (file://C:\Users\larry\Desktop\TFG\Proyecto\opengig\node_modules\next\dist\server\dev\next-dev-server.js:720:42)
    at DevServer.findPageComponents (file://C:\Users\larry\Desktop\TFG\Proyecto\opengig\node_modules\next\dist\server\dev\next-dev-server.js:690:43)
    at async DevServer.renderErrorToResponseImpl (file://C:\Users\larry\Desktop\TFG\Proyecto\opengig\node_modules\next\dist\server\base-server.js:1753:26)
[   75066ms] [LOG] [HMR] connected @ http://localhost:3000/_next/static/chunks/node_modules_next_dist_1gdrd03._.js:1226
[   75070ms] [ERROR] ./src/app/globals.css
Error evaluating Node.js code
CssSyntaxError: tailwindcss: C:\Users\larry\Desktop\TFG\Proyecto\opengig\src\app\globals.css:1:1: Can't resolve 'tw-animate-css' in 'C:\Users\larry\Desktop\TFG\Proyecto\opengig\src\app'
    [at Input.error (turbopack:///[project]/node_modules/postcss/lib/input.js:135:16)]
    [at Root.error (turbopack:///[project]/node_modules/postcss/lib/node.js:146:32)]
    [at Object.Once (C:\Users\larry\Desktop\TFG\Proyecto\opengig\node_modules\@tailwindcss\postcss\dist\index.js:10:6918)]
    [at process.processTicksAndRejections (node:internal/process/task_queues:104:5)]
    [at async LazyResult.runAsync (turbopack:///[project]/node_modules/postcss/lib/lazy-result.js:293:11)]
    [at async transform (turbopack:///[turbopack-node]/transforms/postcss.ts:70:34)]
    [at async run (turbopack:///[turbopack-node]/child_process/evaluate.ts:89:23)]

Import trace:
  Client Component Browser:
    ./src/app/globals.css [Client Component Browser]
    ./src/app/layout.tsx [Server Component] @ http://localhost:3000/_next/static/chunks/node_modules_next_dist_1gdrd03._.js:1945
[   75070ms] [ERROR] ./src/app/globals.css
Error evaluating Node.js code
CssSyntaxError: tailwindcss: C:\Users\larry\Desktop\TFG\Proyecto\opengig\src\app\globals.css:1:1: Can't resolve 'tw-animate-css' in 'C:\Users\larry\Desktop\TFG\Proyecto\opengig\src\app'
    [at Input.error (turbopack:///[project]/node_modules/postcss/lib/input.js:135:16)]
    [at Root.error (turbopack:///[project]/node_modules/postcss/lib/node.js:146:32)]
    [at Object.Once (C:\Users\larry\Desktop\TFG\Proyecto\opengig\node_modules\@tailwindcss\postcss\dist\index.js:10:6918)]
    [at process.processTicksAndRejections (node:internal/process/task_queues:104:5)]
    [at async LazyResult.runAsync (turbopack:///[project]/node_modules/postcss/lib/lazy-result.js:293:11)]
    [at async transform (turbopack:///[turbopack-node]/transforms/postcss.ts:70:34)]
    [at async run (turbopack:///[turbopack-node]/child_process/evaluate.ts:89:23)]

Import trace:
  Client Component Browser:
    ./src/app/globals.css [Client Component Browser]
    ./src/app/layout.tsx [Server Component] @ http://localhost:3000/_next/static/chunks/node_modules_next_dist_1gdrd03._.js:1945
[   75119ms] [ERROR] ./src/app/globals.css
Error evaluating Node.js code
CssSyntaxError: tailwindcss: C:\Users\larry\Desktop\TFG\Proyecto\opengig\src\app\globals.css:1:1: Can't resolve 'tw-animate-css' in 'C:\Users\larry\Desktop\TFG\Proyecto\opengig\src\app'
    [at Input.error (turbopack:///[project]/node_modules/postcss/lib/input.js:135:16)]
    [at Root.error (turbopack:///[project]/node_modules/postcss/lib/node.js:146:32)]
    [at Object.Once (C:\Users\larry\Desktop\TFG\Proyecto\opengig\node_modules\@tailwindcss\postcss\dist\index.js:10:6918)]
    [at process.processTicksAndRejections (node:internal/process/task_queues:104:5)]
    [at async LazyResult.runAsync (turbopack:///[project]/node_modules/postcss/lib/lazy-result.js:293:11)]
    [at async transform (turbopack:///[turbopack-node]/transforms/postcss.ts:70:34)]
    [at async run (turbopack:///[turbopack-node]/child_process/evaluate.ts:89:23)]

Import trace:
  Client Component Browser:
    ./src/app/globals.css [Client Component Browser]
    ./src/app/layout.tsx [Server Component] @ http://localhost:3000/_next/static/chunks/node_modules_next_dist_1gdrd03._.js:1945
[   75164ms] [ERROR] ./src/app/globals.css
Error evaluating Node.js code
CssSyntaxError: tailwindcss: C:\Users\larry\Desktop\TFG\Proyecto\opengig\src\app\globals.css:1:1: Can't resolve 'tw-animate-css' in 'C:\Users\larry\Desktop\TFG\Proyecto\opengig\src\app'
    [at Input.error (turbopack:///[project]/node_modules/postcss/lib/input.js:135:16)]
    [at Root.error (turbopack:///[project]/node_modules/postcss/lib/node.js:146:32)]
    [at Object.Once (C:\Users\larry\Desktop\TFG\Proyecto\opengig\node_modules\@tailwindcss\postcss\dist\index.js:10:6918)]
    [at process.processTicksAndRejections (node:internal/process/task_queues:104:5)]
    [at async LazyResult.runAsync (turbopack:///[project]/node_modules/postcss/lib/lazy-result.js:293:11)]
    [at async transform (turbopack:///[turbopack-node]/transforms/postcss.ts:70:34)]
    [at async run (turbopack:///[turbopack-node]/child_process/evaluate.ts:89:23)]

Import trace:
  Client Component Browser:
    ./src/app/globals.css [Client Component Browser]
    ./src/app/layout.tsx [Server Component] @ http://localhost:3000/_next/static/chunks/node_modules_next_dist_1gdrd03._.js:1945
[   75229ms] [ERROR] ./src/app/globals.css
Error evaluating Node.js code
CssSyntaxError: tailwindcss: C:\Users\larry\Desktop\TFG\Proyecto\opengig\src\app\globals.css:1:1: Can't resolve 'tw-animate-css' in 'C:\Users\larry\Desktop\TFG\Proyecto\opengig\src\app'
    [at Input.error (turbopack:///[project]/node_modules/postcss/lib/input.js:135:16)]
    [at Root.error (turbopack:///[project]/node_modules/postcss/lib/node.js:146:32)]
    [at Object.Once (C:\Users\larry\Desktop\TFG\Proyecto\opengig\node_modules\@tailwindcss\postcss\dist\index.js:10:6918)]
    [at process.processTicksAndRejections (node:internal/process/task_queues:104:5)]
    [at async LazyResult.runAsync (turbopack:///[project]/node_modules/postcss/lib/lazy-result.js:293:11)]
    [at async transform (turbopack:///[turbopack-node]/transforms/postcss.ts:70:34)]
    [at async run (turbopack:///[turbopack-node]/child_process/evaluate.ts:89:23)]

Import trace:
  Client Component Browser:
    ./src/app/globals.css [Client Component Browser]
    ./src/app/layout.tsx [Server Component] @ http://localhost:3000/_next/static/chunks/node_modules_next_dist_1gdrd03._.js:1945
[   75281ms] [LOG] [Fast Refresh] rebuilding @ http://localhost:3000/_next/static/chunks/node_modules_next_dist_1gdrd03._.js:1226
[   75425ms] [ERROR] ./src/app/globals.css
Error evaluating Node.js code
CssSyntaxError: tailwindcss: C:\Users\larry\Desktop\TFG\Proyecto\opengig\src\app\globals.css:1:1: Can't resolve 'tw-animate-css' in 'C:\Users\larry\Desktop\TFG\Proyecto\opengig\src\app'
    [at Input.error (turbopack:///[project]/node_modules/postcss/lib/input.js:135:16)]
    [at Root.error (turbopack:///[project]/node_modules/postcss/lib/node.js:146:32)]
    [at Object.Once (C:\Users\larry\Desktop\TFG\Proyecto\opengig\node_modules\@tailwindcss\postcss\dist\index.js:10:6918)]
    [at process.processTicksAndRejections (node:internal/process/task_queues:104:5)]
    [at async LazyResult.runAsync (turbopack:///[project]/node_modules/postcss/lib/lazy-result.js:293:11)]
    [at async transform (turbopack:///[turbopack-node]/transforms/postcss.ts:70:34)]
    [at async run (turbopack:///[turbopack-node]/child_process/evaluate.ts:89:23)]

Import trace:
  Client Component Browser:
    ./src/app/globals.css [Client Component Browser]
    ./src/app/layout.tsx [Server Component] @ http://localhost:3000/_next/static/chunks/node_modules_next_dist_1gdrd03._.js:1945
[   75490ms] [LOG] [Fast Refresh] rebuilding @ http://localhost:3000/_next/static/chunks/node_modules_next_dist_1gdrd03._.js:1226
[   75891ms] [ERROR] ./src/app/globals.css
Error evaluating Node.js code
CssSyntaxError: tailwindcss: C:\Users\larry\Desktop\TFG\Proyecto\opengig\src\app\globals.css:1:1: Can't resolve 'tw-animate-css' in 'C:\Users\larry\Desktop\TFG\Proyecto\opengig\src\app'
    [at Input.error (turbopack:///[project]/node_modules/postcss/lib/input.js:135:16)]
    [at Root.error (turbopack:///[project]/node_modules/postcss/lib/node.js:146:32)]
    [at Object.Once (C:\Users\larry\Desktop\TFG\Proyecto\opengig\node_modules\@tailwindcss\postcss\dist\index.js:10:6918)]
    [at process.processTicksAndRejections (node:internal/process/task_queues:104:5)]
    [at async LazyResult.runAsync (turbopack:///[project]/node_modules/postcss/lib/lazy-result.js:293:11)]
    [at async transform (turbopack:///[turbopack-node]/transforms/postcss.ts:70:34)]
    [at async run (turbopack:///[turbopack-node]/child_process/evaluate.ts:89:23)]

Import trace:
  Client Component Browser:
    ./src/app/globals.css [Client Component Browser]
    ./src/app/layout.tsx [Server Component] @ http://localhost:3000/_next/static/chunks/node_modules_next_dist_1gdrd03._.js:1945
[   75947ms] [LOG] [Fast Refresh] rebuilding @ http://localhost:3000/_next/static/chunks/node_modules_next_dist_1gdrd03._.js:1226
[   76158ms] [ERROR] ./src/app/globals.css
Error evaluating Node.js code
CssSyntaxError: tailwindcss: C:\Users\larry\Desktop\TFG\Proyecto\opengig\src\app\globals.css:1:1: Can't resolve 'tw-animate-css' in 'C:\Users\larry\Desktop\TFG\Proyecto\opengig\src\app'
    [at Input.error (turbopack:///[project]/node_modules/postcss/lib/input.js:135:16)]
    [at Root.error (turbopack:///[project]/node_modules/postcss/lib/node.js:146:32)]
    [at Object.Once (C:\Users\larry\Desktop\TFG\Proyecto\opengig\node_modules\@tailwindcss\postcss\dist\index.js:10:6918)]
    [at process.processTicksAndRejections (node:internal/process/task_queues:104:5)]
    [at async LazyResult.runAsync (turbopack:///[project]/node_modules/postcss/lib/lazy-result.js:293:11)]
    [at async transform (turbopack:///[turbopack-node]/transforms/postcss.ts:70:34)]
    [at async run (turbopack:///[turbopack-node]/child_process/evaluate.ts:89:23)]

Import trace:
  Client Component Browser:
    ./src/app/globals.css [Client Component Browser]
    ./src/app/layout.tsx [Server Component] @ http://localhost:3000/_next/static/chunks/node_modules_next_dist_1gdrd03._.js:1945
[   76223ms] [LOG] [Fast Refresh] rebuilding @ http://localhost:3000/_next/static/chunks/node_modules_next_dist_1gdrd03._.js:1226
[   77814ms] [ERROR] ./src/app/globals.css
Error evaluating Node.js code
CssSyntaxError: tailwindcss: C:\Users\larry\Desktop\TFG\Proyecto\opengig\src\app\globals.css:1:1: Can't resolve 'tw-animate-css' in 'C:\Users\larry\Desktop\TFG\Proyecto\opengig\src\app'
    [at Input.error (turbopack:///[project]/node_modules/postcss/lib/input.js:135:16)]
    [at Root.error (turbopack:///[project]/node_modules/postcss/lib/node.js:146:32)]
    [at Object.Once (C:\Users\larry\Desktop\TFG\Proyecto\opengig\node_modules\@tailwindcss\postcss\dist\index.js:10:6918)]
    [at process.processTicksAndRejections (node:internal/process/task_queues:104:5)]
    [at async LazyResult.runAsync (turbopack:///[project]/node_modules/postcss/lib/lazy-result.js:293:11)]
    [at async transform (turbopack:///[turbopack-node]/transforms/postcss.ts:70:34)]
    [at async run (turbopack:///[turbopack-node]/child_process/evaluate.ts:89:23)]

Import trace:
  Client Component Browser:
    ./src/app/globals.css [Client Component Browser]
    ./src/app/layout.tsx [Server Component] @ http://localhost:3000/_next/static/chunks/node_modules_next_dist_1gdrd03._.js:1945
[   77889ms] [LOG] [Fast Refresh] rebuilding @ http://localhost:3000/_next/static/chunks/node_modules_next_dist_1gdrd03._.js:1226
[   78775ms] [ERROR] ./src/app/globals.css
Error evaluating Node.js code
CssSyntaxError: tailwindcss: C:\Users\larry\Desktop\TFG\Proyecto\opengig\src\app\globals.css:1:1: Can't resolve 'tw-animate-css' in 'C:\Users\larry\Desktop\TFG\Proyecto\opengig\src\app'
    [at Input.error (turbopack:///[project]/node_modules/postcss/lib/input.js:135:16)]
    [at Root.error (turbopack:///[project]/node_modules/postcss/lib/node.js:146:32)]
    [at Object.Once (C:\Users\larry\Desktop\TFG\Proyecto\opengig\node_modules\@tailwindcss\postcss\dist\index.js:10:6918)]
    [at process.processTicksAndRejections (node:internal/process/task_queues:104:5)]
    [at async LazyResult.runAsync (turbopack:///[project]/node_modules/postcss/lib/lazy-result.js:293:11)]
    [at async transform (turbopack:///[turbopack-node]/transforms/postcss.ts:70:34)]
    [at async run (turbopack:///[turbopack-node]/child_process/evaluate.ts:89:23)]

Import trace:
  Client Component Browser:
    ./src/app/globals.css [Client Component Browser]
    ./src/app/layout.tsx [Server Component] @ http://localhost:3000/_next/static/chunks/node_modules_next_dist_1gdrd03._.js:1945
[   78835ms] [LOG] [Fast Refresh] rebuilding @ http://localhost:3000/_next/static/chunks/node_modules_next_dist_1gdrd03._.js:1226
[   78931ms] [ERROR] ./src/app/globals.css
Error evaluating Node.js code
CssSyntaxError: tailwindcss: C:\Users\larry\Desktop\TFG\Proyecto\opengig\src\app\globals.css:1:1: Can't resolve 'tw-animate-css' in 'C:\Users\larry\Desktop\TFG\Proyecto\opengig\src\app'
    [at Input.error (turbopack:///[project]/node_modules/postcss/lib/input.js:135:16)]
    [at Root.error (turbopack:///[project]/node_modules/postcss/lib/node.js:146:32)]
    [at Object.Once (C:\Users\larry\Desktop\TFG\Proyecto\opengig\node_modules\@tailwindcss\postcss\dist\index.js:10:6918)]
    [at process.processTicksAndRejections (node:internal/process/task_queues:104:5)]
    [at async LazyResult.runAsync (turbopack:///[project]/node_modules/postcss/lib/lazy-result.js:293:11)]
    [at async transform (turbopack:///[turbopack-node]/transforms/postcss.ts:70:34)]
    [at async run (turbopack:///[turbopack-node]/child_process/evaluate.ts:89:23)]

Import trace:
  Client Component Browser:
    ./src/app/globals.css [Client Component Browser]
    ./src/app/layout.tsx [Server Component] @ http://localhost:3000/_next/static/chunks/node_modules_next_dist_1gdrd03._.js:1945
[   79039ms] [LOG] [Fast Refresh] rebuilding @ http://localhost:3000/_next/static/chunks/node_modules_next_dist_1gdrd03._.js:1226
[   79229ms] [ERROR] ./src/app/globals.css
Error evaluating Node.js code
CssSyntaxError: tailwindcss: C:\Users\larry\Desktop\TFG\Proyecto\opengig\src\app\globals.css:1:1: Can't resolve 'tw-animate-css' in 'C:\Users\larry\Desktop\TFG\Proyecto\opengig\src\app'
    [at Input.error (turbopack:///[project]/node_modules/postcss/lib/input.js:135:16)]
    [at Root.error (turbopack:///[project]/node_modules/postcss/lib/node.js:146:32)]
    [at Object.Once (C:\Users\larry\Desktop\TFG\Proyecto\opengig\node_modules\@tailwindcss\postcss\dist\index.js:10:6918)]
    [at process.processTicksAndRejections (node:internal/process/task_queues:104:5)]
    [at async LazyResult.runAsync (turbopack:///[project]/node_modules/postcss/lib/lazy-result.js:293:11)]
    [at async transform (turbopack:///[turbopack-node]/transforms/postcss.ts:70:34)]
    [at async run (turbopack:///[turbopack-node]/child_process/evaluate.ts:89:23)]

Import trace:
  Client Component Browser:
    ./src/app/globals.css [Client Component Browser]
    ./src/app/layout.tsx [Server Component] @ http://localhost:3000/_next/static/chunks/node_modules_next_dist_1gdrd03._.js:1945
[   79388ms] [ERROR] ./src/app/globals.css
Error evaluating Node.js code
CssSyntaxError: tailwindcss: C:\Users\larry\Desktop\TFG\Proyecto\opengig\src\app\globals.css:1:1: Can't resolve 'tw-animate-css' in 'C:\Users\larry\Desktop\TFG\Proyecto\opengig\src\app'
    [at Input.error (turbopack:///[project]/node_modules/postcss/lib/input.js:135:16)]
    [at Root.error (turbopack:///[project]/node_modules/postcss/lib/node.js:146:32)]
    [at Object.Once (C:\Users\larry\Desktop\TFG\Proyecto\opengig\node_modules\@tailwindcss\postcss\dist\index.js:10:6918)]
    [at process.processTicksAndRejections (node:internal/process/task_queues:104:5)]
    [at async LazyResult.runAsync (turbopack:///[project]/node_modules/postcss/lib/lazy-result.js:293:11)]
    [at async transform (turbopack:///[turbopack-node]/transforms/postcss.ts:70:34)]
    [at async run (turbopack:///[turbopack-node]/child_process/evaluate.ts:89:23)]

Import trace:
  Client Component Browser:
    ./src/app/globals.css [Client Component Browser]
    ./src/app/layout.tsx [Server Component] @ http://localhost:3000/_next/static/chunks/node_modules_next_dist_1gdrd03._.js:1945
[   79443ms] [LOG] [Fast Refresh] rebuilding @ http://localhost:3000/_next/static/chunks/node_modules_next_dist_1gdrd03._.js:1226
[   79577ms] [ERROR] ./src/app/globals.css
Error evaluating Node.js code
CssSyntaxError: tailwindcss: C:\Users\larry\Desktop\TFG\Proyecto\opengig\src\app\globals.css:1:1: Can't resolve 'tw-animate-css' in 'C:\Users\larry\Desktop\TFG\Proyecto\opengig\src\app'
    [at Input.error (turbopack:///[project]/node_modules/postcss/lib/input.js:135:16)]
    [at Root.error (turbopack:///[project]/node_modules/postcss/lib/node.js:146:32)]
    [at Object.Once (C:\Users\larry\Desktop\TFG\Proyecto\opengig\node_modules\@tailwindcss\postcss\dist\index.js:10:6918)]
    [at process.processTicksAndRejections (node:internal/process/task_queues:104:5)]
    [at async LazyResult.runAsync (turbopack:///[project]/node_modules/postcss/lib/lazy-result.js:293:11)]
    [at async transform (turbopack:///[turbopack-node]/transforms/postcss.ts:70:34)]
    [at async run (turbopack:///[turbopack-node]/child_process/evaluate.ts:89:23)]

Import trace:
  Client Component Browser:
    ./src/app/globals.css [Client Component Browser]
    ./src/app/layout.tsx [Server Component] @ http://localhost:3000/_next/static/chunks/node_modules_next_dist_1gdrd03._.js:1945
[   79638ms] [LOG] [Fast Refresh] rebuilding @ http://localhost:3000/_next/static/chunks/node_modules_next_dist_1gdrd03._.js:1226
